nohup: ignoring input
Loaded best weights from /home/HwHiAiUser/HIT_Smart_Mattress/backend/models/region_best.pt to continue training with new settings.
[Epoch 1/100] train=0.0029 val=0.0016 mIoU=0.9083 MAE=0.0046 ACC@0.4=88.52% ACC@0.5=88.52% ACC@0.7=87.22% ACC4/6@0.5=99.22%
[Epoch 2/100] train=0.0030 val=0.0016 mIoU=0.9076 MAE=0.0046 ACC@0.4=88.52% ACC@0.5=88.52% ACC@0.7=86.70% ACC4/6@0.5=99.22%
[Epoch 3/100] train=0.0031 val=0.0016 mIoU=0.9071 MAE=0.0047 ACC@0.4=88.52% ACC@0.5=88.52% ACC@0.7=87.48% ACC4/6@0.5=99.22%
[Epoch 4/100] train=0.0033 val=0.0016 mIoU=0.9073 MAE=0.0046 ACC@0.4=88.52% ACC@0.5=88.52% ACC@0.7=86.44% ACC4/6@0.5=99.22%
[Epoch 5/100] train=0.0034 val=0.0016 mIoU=0.9077 MAE=0.0046 ACC@0.4=88.52% ACC@0.5=88.52% ACC@0.7=87.48% ACC4/6@0.5=99.22%
[Epoch 6/100] train=0.0026 val=0.0016 mIoU=0.9086 MAE=0.0046 ACC@0.4=88.52% ACC@0.5=88.52% ACC@0.7=87.22% ACC4/6@0.5=99.22%
[Epoch 7/100] train=0.0030 val=0.0016 mIoU=0.9060 MAE=0.0047 ACC@0.4=88.52% ACC@0.5=88.52% ACC@0.7=87.22% ACC4/6@0.5=99.22%
[Epoch 8/100] train=0.0033 val=0.0016 mIoU=0.9081 MAE=0.0046 ACC@0.4=88.52% ACC@0.5=88.52% ACC@0.7=87.48% ACC4/6@0.5=99.22%
[Epoch 9/100] train=0.0031 val=0.0017 mIoU=0.9071 MAE=0.0047 ACC@0.4=88.52% ACC@0.5=88.52% ACC@0.7=86.70% ACC4/6@0.5=99.22%
[Epoch 10/100] train=0.0029 val=0.0016 mIoU=0.9086 MAE=0.0046 ACC@0.4=88.52% ACC@0.5=88.52% ACC@0.7=86.96% ACC4/6@0.5=99.22%
[Epoch 11/100] train=0.0030 val=0.0017 mIoU=0.9043 MAE=0.0048 ACC@0.4=88.52% ACC@0.5=88.52% ACC@0.7=85.39% ACC4/6@0.5=99.22%
[Epoch 12/100] train=0.0028 val=0.0017 mIoU=0.9057 MAE=0.0048 ACC@0.4=88.52% ACC@0.5=88.52% ACC@0.7=87.48% ACC4/6@0.5=99.22%
[Epoch 13/100] train=0.0027 val=0.0016 mIoU=0.9072 MAE=0.0046 ACC@0.4=88.52% ACC@0.5=88.52% ACC@0.7=86.96% ACC4/6@0.5=99.22%
[Epoch 14/100] train=0.0033 val=0.0017 mIoU=0.9052 MAE=0.0048 ACC@0.4=88.52% ACC@0.5=88.52% ACC@0.7=86.44% ACC4/6@0.5=99.22%
[Epoch 15/100] train=0.0030 val=0.0017 mIoU=0.9034 MAE=0.0050 ACC@0.4=88.52% ACC@0.5=88.52% ACC@0.7=86.96% ACC4/6@0.5=99.22%
[Epoch 16/100] train=0.0034 val=0.0017 mIoU=0.9041 MAE=0.0049 ACC@0.4=88.52% ACC@0.5=88.52% ACC@0.7=86.96% ACC4/6@0.5=99.22%
[Epoch 17/100] train=0.0029 val=0.0017 mIoU=0.9041 MAE=0.0049 ACC@0.4=88.52% ACC@0.5=88.52% ACC@0.7=86.70% ACC4/6@0.5=99.22%
[Epoch 18/100] train=0.0027 val=0.0018 mIoU=0.8921 MAE=0.0054 ACC@0.4=88.52% ACC@0.5=88.52% ACC@0.7=87.74% ACC4/6@0.5=99.22%
[Epoch 19/100] train=0.0032 val=0.0017 mIoU=0.9017 MAE=0.0051 ACC@0.4=88.52% ACC@0.5=88.52% ACC@0.7=87.22% ACC4/6@0.5=99.22%
[Epoch 20/100] train=0.0031 val=0.0022 mIoU=0.8856 MAE=0.0064 ACC@0.4=88.52% ACC@0.5=88.26% ACC@0.7=86.18% ACC4/6@0.5=99.22%
[Epoch 21/100] train=0.0027 val=0.0020 mIoU=0.8931 MAE=0.0059 ACC@0.4=88.52% ACC@0.5=88.52% ACC@0.7=85.39% ACC4/6@0.5=99.22%
[Epoch 22/100] train=0.0032 val=0.0021 mIoU=0.8867 MAE=0.0060 ACC@0.4=88.52% ACC@0.5=88.26% ACC@0.7=87.20% ACC4/6@0.5=99.22%
[Epoch 23/100] train=0.0034 val=0.0022 mIoU=0.8823 MAE=0.0066 ACC@0.4=88.52% ACC@0.5=88.52% ACC@0.7=83.79% ACC4/6@0.5=99.22%
[Epoch 24/100] train=0.0028 val=0.0021 mIoU=0.8915 MAE=0.0061 ACC@0.4=88.52% ACC@0.5=88.52% ACC@0.7=86.44% ACC4/6@0.5=99.22%
[Epoch 25/100] train=0.0027 val=0.0020 mIoU=0.8865 MAE=0.0061 ACC@0.4=88.52% ACC@0.5=88.52% ACC@0.7=85.13% ACC4/6@0.5=99.22%
[Epoch 26/100] train=0.0031 val=0.0018 mIoU=0.8908 MAE=0.0057 ACC@0.4=88.52% ACC@0.5=88.52% ACC@0.7=85.66% ACC4/6@0.5=99.22%
[Epoch 27/100] train=0.0032 val=0.0023 mIoU=0.8821 MAE=0.0065 ACC@0.4=88.52% ACC@0.5=88.52% ACC@0.7=85.66% ACC4/6@0.5=99.22%
[Epoch 28/100] train=0.0026 val=0.0018 mIoU=0.8947 MAE=0.0056 ACC@0.4=88.52% ACC@0.5=88.26% ACC@0.7=85.66% ACC4/6@0.5=99.22%
[Epoch 29/100] train=0.0030 val=0.0019 mIoU=0.8887 MAE=0.0059 ACC@0.4=88.52% ACC@0.5=88.52% ACC@0.7=86.70% ACC4/6@0.5=99.22%
[Epoch 30/100] train=0.0030 val=0.0023 mIoU=0.8832 MAE=0.0067 ACC@0.4=88.52% ACC@0.5=88.26% ACC@0.7=84.85% ACC4/6@0.5=99.22%
[Epoch 31/100] train=0.0034 val=0.0021 mIoU=0.8887 MAE=0.0061 ACC@0.4=88.52% ACC@0.5=88.52% ACC@0.7=85.37% ACC4/6@0.5=99.22%
[Epoch 32/100] train=0.0034 val=0.0020 mIoU=0.8888 MAE=0.0061 ACC@0.4=88.52% ACC@0.5=88.52% ACC@0.7=86.18% ACC4/6@0.5=99.22%
[Epoch 33/100] train=0.0030 val=0.0019 mIoU=0.8885 MAE=0.0060 ACC@0.4=88.52% ACC@0.5=88.52% ACC@0.7=86.70% ACC4/6@0.5=99.22%
[Epoch 34/100] train=0.0032 val=0.0020 mIoU=0.8912 MAE=0.0059 ACC@0.4=88.52% ACC@0.5=88.26% ACC@0.7=85.37% ACC4/6@0.5=99.22%
[Epoch 35/100] train=0.0033 val=0.0027 mIoU=0.8680 MAE=0.0075 ACC@0.4=88.52% ACC@0.5=88.26% ACC@0.7=86.94% ACC4/6@0.5=99.22%
[Epoch 36/100] train=0.0035 val=0.0023 mIoU=0.8767 MAE=0.0070 ACC@0.4=88.52% ACC@0.5=88.52% ACC@0.7=84.05% ACC4/6@0.5=99.22%
[Epoch 37/100] train=0.0034 val=0.0016 mIoU=0.9024 MAE=0.0049 ACC@0.4=88.52% ACC@0.5=88.26% ACC@0.7=87.48% ACC4/6@0.5=99.22%
[Epoch 38/100] train=0.0026 val=0.0022 mIoU=0.8785 MAE=0.0067 ACC@0.4=88.52% ACC@0.5=88.52% ACC@0.7=87.48% ACC4/6@0.5=99.22%
[Epoch 39/100] train=0.0031 val=0.0023 mIoU=0.8765 MAE=0.0069 ACC@0.4=88.52% ACC@0.5=88.26% ACC@0.7=85.37% ACC4/6@0.5=99.22%
[Epoch 40/100] train=0.0031 val=0.0018 mIoU=0.8933 MAE=0.0055 ACC@0.4=88.52% ACC@0.5=88.52% ACC@0.7=84.61% ACC4/6@0.5=99.22%
[Epoch 41/100] train=0.0029 val=0.0015 mIoU=0.9055 MAE=0.0048 ACC@0.4=88.52% ACC@0.5=88.52% ACC@0.7=86.70% ACC4/6@0.5=99.22%
[Epoch 42/100] train=0.0029 val=0.0016 mIoU=0.9056 MAE=0.0048 ACC@0.4=88.52% ACC@0.5=88.52% ACC@0.7=86.44% ACC4/6@0.5=99.22%
[Epoch 43/100] train=0.0028 val=0.0017 mIoU=0.8967 MAE=0.0054 ACC@0.4=88.52% ACC@0.5=88.26% ACC@0.7=87.48% ACC4/6@0.5=99.22%
[Epoch 44/100] train=0.0027 val=0.0016 mIoU=0.9014 MAE=0.0051 ACC@0.4=88.52% ACC@0.5=88.26% ACC@0.7=86.70% ACC4/6@0.5=99.22%
[Epoch 45/100] train=0.0028 val=0.0017 mIoU=0.8985 MAE=0.0054 ACC@0.4=88.52% ACC@0.5=88.52% ACC@0.7=87.48% ACC4/6@0.5=99.22%
[Epoch 46/100] train=0.0029 val=0.0017 mIoU=0.8992 MAE=0.0053 ACC@0.4=88.52% ACC@0.5=88.52% ACC@0.7=85.92% ACC4/6@0.5=99.22%
[Epoch 47/100] train=0.0028 val=0.0019 mIoU=0.8804 MAE=0.0061 ACC@0.4=88.52% ACC@0.5=88.26% ACC@0.7=83.53% ACC4/6@0.5=99.22%
[Epoch 48/100] train=0.0028 val=0.0016 mIoU=0.9042 MAE=0.0048 ACC@0.4=88.52% ACC@0.5=88.26% ACC@0.7=87.22% ACC4/6@0.5=99.22%
[Epoch 49/100] train=0.0028 val=0.0016 mIoU=0.9018 MAE=0.0051 ACC@0.4=88.52% ACC@0.5=88.52% ACC@0.7=86.96% ACC4/6@0.5=99.22%
[Epoch 50/100] train=0.0030 val=0.0014 mIoU=0.9078 MAE=0.0046 ACC@0.4=88.52% ACC@0.5=88.52% ACC@0.7=86.96% ACC4/6@0.5=99.22%
[Epoch 51/100] train=0.0030 val=0.0017 mIoU=0.9010 MAE=0.0053 ACC@0.4=88.52% ACC@0.5=88.52% ACC@0.7=86.70% ACC4/6@0.5=99.22%
[Epoch 52/100] train=0.0031 val=0.0015 mIoU=0.9025 MAE=0.0049 ACC@0.4=88.52% ACC@0.5=88.26% ACC@0.7=87.48% ACC4/6@0.5=99.22%
[Epoch 53/100] train=0.0032 val=0.0015 mIoU=0.9030 MAE=0.0049 ACC@0.4=88.52% ACC@0.5=88.26% ACC@0.7=85.39% ACC4/6@0.5=99.22%
[Epoch 54/100] train=0.0025 val=0.0019 mIoU=0.8894 MAE=0.0059 ACC@0.4=88.52% ACC@0.5=88.52% ACC@0.7=85.66% ACC4/6@0.5=99.22%
[Epoch 55/100] train=0.0029 val=0.0018 mIoU=0.8884 MAE=0.0057 ACC@0.4=88.52% ACC@0.5=88.26% ACC@0.7=87.22% ACC4/6@0.5=99.22%
[Epoch 56/100] train=0.0031 val=0.0015 mIoU=0.9044 MAE=0.0049 ACC@0.4=88.52% ACC@0.5=88.52% ACC@0.7=86.44% ACC4/6@0.5=99.22%
[Epoch 57/100] train=0.0031 val=0.0014 mIoU=0.9042 MAE=0.0047 ACC@0.4=88.52% ACC@0.5=88.26% ACC@0.7=87.22% ACC4/6@0.5=99.22%
[Epoch 58/100] train=0.0025 val=0.0015 mIoU=0.9049 MAE=0.0047 ACC@0.4=88.52% ACC@0.5=88.52% ACC@0.7=85.92% ACC4/6@0.5=99.22%
[Epoch 59/100] train=0.0028 val=0.0013 mIoU=0.9122 MAE=0.0043 ACC@0.4=88.52% ACC@0.5=88.52% ACC@0.7=87.48% ACC4/6@0.5=99.22%
[Epoch 60/100] train=0.0028 val=0.0014 mIoU=0.9059 MAE=0.0047 ACC@0.4=88.52% ACC@0.5=88.26% ACC@0.7=86.96% ACC4/6@0.5=99.22%
[Epoch 61/100] train=0.0025 val=0.0015 mIoU=0.9064 MAE=0.0047 ACC@0.4=88.52% ACC@0.5=88.52% ACC@0.7=87.74% ACC4/6@0.5=99.22%
[Epoch 62/100] train=0.0030 val=0.0013 mIoU=0.9109 MAE=0.0043 ACC@0.4=88.52% ACC@0.5=88.52% ACC@0.7=85.92% ACC4/6@0.5=99.22%
[Epoch 63/100] train=0.0031 val=0.0013 mIoU=0.9121 MAE=0.0043 ACC@0.4=88.52% ACC@0.5=88.52% ACC@0.7=87.74% ACC4/6@0.5=99.22%
[Epoch 64/100] train=0.0023 val=0.0013 mIoU=0.9125 MAE=0.0042 ACC@0.4=88.52% ACC@0.5=88.26% ACC@0.7=86.96% ACC4/6@0.5=99.22%
[Epoch 65/100] train=0.0023 val=0.0013 mIoU=0.9145 MAE=0.0041 ACC@0.4=88.52% ACC@0.5=88.52% ACC@0.7=87.22% ACC4/6@0.5=99.22%
[Epoch 66/100] train=0.0027 val=0.0013 mIoU=0.9135 MAE=0.0041 ACC@0.4=88.52% ACC@0.5=88.26% ACC@0.7=87.22% ACC4/6@0.5=99.22%
[Epoch 67/100] train=0.0024 val=0.0014 mIoU=0.9083 MAE=0.0045 ACC@0.4=88.52% ACC@0.5=88.52% ACC@0.7=87.74% ACC4/6@0.5=99.22%
[Epoch 68/100] train=0.0026 val=0.0013 mIoU=0.9116 MAE=0.0043 ACC@0.4=88.52% ACC@0.5=88.52% ACC@0.7=87.48% ACC4/6@0.5=99.22%
[Epoch 69/100] train=0.0025 val=0.0013 mIoU=0.9154 MAE=0.0040 ACC@0.4=88.52% ACC@0.5=88.52% ACC@0.7=86.70% ACC4/6@0.5=99.22%
[Epoch 70/100] train=0.0025 val=0.0012 mIoU=0.9156 MAE=0.0040 ACC@0.4=88.52% ACC@0.5=88.52% ACC@0.7=87.74% ACC4/6@0.5=99.22%
[Epoch 71/100] train=0.0026 val=0.0012 mIoU=0.9161 MAE=0.0040 ACC@0.4=88.52% ACC@0.5=88.52% ACC@0.7=87.74% ACC4/6@0.5=99.22%
[Epoch 72/100] train=0.0026 val=0.0012 mIoU=0.9150 MAE=0.0040 ACC@0.4=88.52% ACC@0.5=88.26% ACC@0.7=87.74% ACC4/6@0.5=99.22%
[Epoch 73/100] train=0.0025 val=0.0013 mIoU=0.9155 MAE=0.0040 ACC@0.4=88.52% ACC@0.5=88.52% ACC@0.7=87.74% ACC4/6@0.5=99.22%
[Epoch 74/100] train=0.0023 val=0.0012 mIoU=0.9161 MAE=0.0040 ACC@0.4=88.52% ACC@0.5=88.52% ACC@0.7=87.22% ACC4/6@0.5=99.22%
[Epoch 75/100] train=0.0024 val=0.0012 mIoU=0.9160 MAE=0.0040 ACC@0.4=88.52% ACC@0.5=88.52% ACC@0.7=87.74% ACC4/6@0.5=99.22%
[Epoch 76/100] train=0.0026 val=0.0013 mIoU=0.9142 MAE=0.0041 ACC@0.4=88.52% ACC@0.5=88.26% ACC@0.7=87.48% ACC4/6@0.5=99.22%
[Epoch 77/100] train=0.0025 val=0.0012 mIoU=0.9141 MAE=0.0041 ACC@0.4=88.52% ACC@0.5=88.52% ACC@0.7=87.74% ACC4/6@0.5=99.22%
[Epoch 78/100] train=0.0026 val=0.0012 mIoU=0.9160 MAE=0.0040 ACC@0.4=88.52% ACC@0.5=88.52% ACC@0.7=87.48% ACC4/6@0.5=99.22%
[Epoch 79/100] train=0.0026 val=0.0013 mIoU=0.9120 MAE=0.0042 ACC@0.4=88.52% ACC@0.5=88.26% ACC@0.7=86.96% ACC4/6@0.5=99.22%
[Epoch 80/100] train=0.0024 val=0.0012 mIoU=0.9183 MAE=0.0038 ACC@0.4=88.52% ACC@0.5=88.52% ACC@0.7=87.74% ACC4/6@0.5=99.22%
[Epoch 81/100] train=0.0025 val=0.0012 mIoU=0.9158 MAE=0.0040 ACC@0.4=88.52% ACC@0.5=88.52% ACC@0.7=87.74% ACC4/6@0.5=99.22%
[Epoch 82/100] train=0.0025 val=0.0012 mIoU=0.9161 MAE=0.0039 ACC@0.4=88.52% ACC@0.5=88.52% ACC@0.7=87.22% ACC4/6@0.5=99.22%
[Epoch 83/100] train=0.0024 val=0.0012 mIoU=0.9148 MAE=0.0040 ACC@0.4=88.52% ACC@0.5=88.26% ACC@0.7=87.22% ACC4/6@0.5=99.22%
[Epoch 84/100] train=0.0023 val=0.0012 mIoU=0.9154 MAE=0.0040 ACC@0.4=88.52% ACC@0.5=88.52% ACC@0.7=87.74% ACC4/6@0.5=99.22%
[Epoch 85/100] train=0.0024 val=0.0012 mIoU=0.9172 MAE=0.0039 ACC@0.4=88.52% ACC@0.5=88.52% ACC@0.7=87.48% ACC4/6@0.5=99.22%
[Epoch 86/100] train=0.0023 val=0.0012 mIoU=0.9165 MAE=0.0039 ACC@0.4=88.52% ACC@0.5=88.26% ACC@0.7=87.48% ACC4/6@0.5=99.22%
[Epoch 87/100] train=0.0025 val=0.0012 mIoU=0.9180 MAE=0.0039 ACC@0.4=88.52% ACC@0.5=88.52% ACC@0.7=87.22% ACC4/6@0.5=99.22%
[Epoch 88/100] train=0.0024 val=0.0012 mIoU=0.9182 MAE=0.0038 ACC@0.4=88.52% ACC@0.5=88.52% ACC@0.7=87.74% ACC4/6@0.5=99.22%
[Epoch 89/100] train=0.0023 val=0.0012 mIoU=0.9189 MAE=0.0038 ACC@0.4=88.52% ACC@0.5=88.52% ACC@0.7=87.74% ACC4/6@0.5=99.22%
[Epoch 90/100] train=0.0023 val=0.0012 mIoU=0.9188 MAE=0.0038 ACC@0.4=88.52% ACC@0.5=88.52% ACC@0.7=87.74% ACC4/6@0.5=99.22%
[Epoch 91/100] train=0.0023 val=0.0012 mIoU=0.9183 MAE=0.0038 ACC@0.4=88.52% ACC@0.5=88.52% ACC@0.7=87.74% ACC4/6@0.5=99.22%
[Epoch 92/100] train=0.0025 val=0.0012 mIoU=0.9189 MAE=0.0038 ACC@0.4=88.52% ACC@0.5=88.52% ACC@0.7=87.74% ACC4/6@0.5=99.22%
[Epoch 93/100] train=0.0026 val=0.0012 mIoU=0.9188 MAE=0.0038 ACC@0.4=88.52% ACC@0.5=88.52% ACC@0.7=87.74% ACC4/6@0.5=99.22%
[Epoch 94/100] train=0.0023 val=0.0012 mIoU=0.9174 MAE=0.0039 ACC@0.4=88.52% ACC@0.5=88.52% ACC@0.7=86.96% ACC4/6@0.5=99.22%
[Epoch 95/100] train=0.0021 val=0.0012 mIoU=0.9181 MAE=0.0038 ACC@0.4=88.52% ACC@0.5=88.52% ACC@0.7=87.48% ACC4/6@0.5=99.22%
[Epoch 96/100] train=0.0020 val=0.0012 mIoU=0.9185 MAE=0.0038 ACC@0.4=88.52% ACC@0.5=88.26% ACC@0.7=87.74% ACC4/6@0.5=99.22%
[Epoch 97/100] train=0.0022 val=0.0012 mIoU=0.9187 MAE=0.0038 ACC@0.4=88.52% ACC@0.5=88.52% ACC@0.7=87.74% ACC4/6@0.5=99.22%
[Epoch 98/100] train=0.0026 val=0.0012 mIoU=0.9187 MAE=0.0038 ACC@0.4=88.52% ACC@0.5=88.52% ACC@0.7=87.74% ACC4/6@0.5=99.22%
[Epoch 99/100] train=0.0024 val=0.0012 mIoU=0.9195 MAE=0.0037 ACC@0.4=88.52% ACC@0.5=88.52% ACC@0.7=87.74% ACC4/6@0.5=99.22%
[Epoch 100/100] train=0.0026 val=0.0012 mIoU=0.9194 MAE=0.0037 ACC@0.4=88.52% ACC@0.5=88.52% ACC@0.7=87.74% ACC4/6@0.5=99.22%
saved curve => /home/HwHiAiUser/HIT_Smart_Mattress/backend/models/region_training_curve.png
saved ONNX => /home/HwHiAiUser/HIT_Smart_Mattress/backend/models/region_regressor.onnx
